2025-11-25T11:47:59+00:00 DEBUG #4089 - [New Request] GET /wordpress/wp-admin/admin.php
2025-11-25T11:48:00+00:00 DEBUG #4089 - Webhook lock acquired for 'register'.
2025-11-25T11:48:00+00:00 DEBUG #4089 - Webhook operation 'register' started.
2025-11-25T11:48:02+00:00 DEBUG #4089 - GET https://api.woocommerce.com/integrations/ppc/v1/notifications/webhooks
Response: Array
(
    [code] => 404
    [message] => Not Found
)

Response Body: {"statusCode":404,"error":"Not Found","message":"Not Found"}

2025-11-25T11:48:02+00:00 ERROR #4089 - Failed to delete webhooks: [Error] Not Found
2025-11-25T11:48:02+00:00 INFO #4089 - Webhooks deleted.
2025-11-25T11:48:05+00:00 DEBUG #4089 - POST https://api.woocommerce.com/integrations/ppc/v1/notifications/webhooks
Request Body: {"url":"https:\/\/localhost\/wordpress\/wp-json\/paypal\/v1\/incoming","event_types":[{"name":"CHECKOUT.ORDER.APPROVED"},{"name":"CHECKOUT.ORDER.COMPLETED"},{"name":"CHECKOUT.PAYMENT-APPROVAL.REVERSED"},{"name":"PAYMENT.CAPTURE.REFUNDED"},{"name":"PAYMENT.AUTHORIZATION.VOIDED"},{"name":"PAYMENT.CAPTURE.REVERSED"},{"name":"PAYMENT.ORDER.CANCELLED"},{"name":"PAYMENT.CAPTURE.DENIED"},{"name":"PAYMENT.CAPTURE.COMPLETED"},{"name":"VAULT.PAYMENT-TOKEN.CREATED"},{"name":"VAULT.PAYMENT-TOKEN.DELETED"},{"name":"PAYMENT.CAPTURE.PENDING"},{"name":"PAYMENT.SALE.COMPLETED"},{"name":"PAYMENT.SALE.REFUNDED"},{"name":"BILLING.SUBSCRIPTION.CANCELLED"},{"name":"BILLING.PLAN.PRICING-CHANGE.ACTIVATED"},{"name":"CATALOG.PRODUCT.UPDATED"},{"name":"BILLING.PLAN.UPDATED"}]}
Response: Array
(
    [code] => 404
    [message] => Not Found
)

Response Body: {"statusCode":404,"error":"Not Found","message":"Not Found"}

2025-11-25T11:48:05+00:00 ERROR #4089 - Failed to subscribe webhooks: [Error] Not Found
2025-11-25T11:48:05+00:00 DEBUG #4089 - Webhook lock released for 'register'.
2025-11-25T16:47:21+00:00 DEBUG #4174 - [New Request] POST /wordpress/index.php/wp-json/wc-admin/onboarding/profile/progress/core-profiler/complete
2025-11-25T16:47:22+00:00 DEBUG #4174 - Webhook lock acquired for 'register'.
2025-11-25T16:47:22+00:00 DEBUG #4174 - Webhook operation 'register' started.
2025-11-25T16:47:23+00:00 DEBUG #4174 - GET https://api.woocommerce.com/integrations/ppc/v1/notifications/webhooks
Response: Array
(
    [code] => 404
    [message] => Not Found
)

Response Body: {"statusCode":404,"error":"Not Found","message":"Not Found"}

2025-11-25T16:47:23+00:00 ERROR #4174 - Failed to delete webhooks: [Error] Not Found
2025-11-25T16:47:23+00:00 INFO #4174 - Webhooks deleted.
2025-11-25T16:47:24+00:00 DEBUG #4174 - POST https://api.woocommerce.com/integrations/ppc/v1/notifications/webhooks
Request Body: {"url":"https:\/\/localhost\/wordpress\/index.php\/wp-json\/paypal\/v1\/incoming","event_types":[{"name":"CHECKOUT.ORDER.APPROVED"},{"name":"CHECKOUT.ORDER.COMPLETED"},{"name":"CHECKOUT.PAYMENT-APPROVAL.REVERSED"},{"name":"PAYMENT.CAPTURE.REFUNDED"},{"name":"PAYMENT.AUTHORIZATION.VOIDED"},{"name":"PAYMENT.CAPTURE.REVERSED"},{"name":"PAYMENT.ORDER.CANCELLED"},{"name":"PAYMENT.CAPTURE.DENIED"},{"name":"PAYMENT.CAPTURE.COMPLETED"},{"name":"VAULT.PAYMENT-TOKEN.CREATED"},{"name":"VAULT.PAYMENT-TOKEN.DELETED"},{"name":"PAYMENT.CAPTURE.PENDING"},{"name":"PAYMENT.SALE.COMPLETED"},{"name":"PAYMENT.SALE.REFUNDED"},{"name":"BILLING.SUBSCRIPTION.CANCELLED"},{"name":"BILLING.PLAN.PRICING-CHANGE.ACTIVATED"},{"name":"CATALOG.PRODUCT.UPDATED"},{"name":"BILLING.PLAN.UPDATED"}]}
Response: Array
(
    [code] => 404
    [message] => Not Found
)

Response Body: {"statusCode":404,"error":"Not Found","message":"Not Found"}

2025-11-25T16:47:24+00:00 ERROR #4174 - Failed to subscribe webhooks: [Error] Not Found
2025-11-25T16:47:24+00:00 DEBUG #4174 - Webhook lock released for 'register'.
